2025-08-11T23:40:46:  * Serving Flask app 'app'
2025-08-11T23:40:46:  * Debug mode: on
2025-08-11T23:41:23: YF.download() has changed argument auto_adjust default to True
2025-08-11T23:41:23: 
2025-08-11T23:41:23: [WARNING] Could not sort news items due to parsing error: time data 'Sun, 10 Aug 2025 14:00:00 -0400' does not match format '%a, %d %b %Y %H:%M:%S %Z'
2025-08-11T23:41:23: 
2025-08-12T09:08:56: YF.download() has changed argument auto_adjust default to True
2025-08-12T09:08:56: 
2025-08-12T09:08:56: [WARNING] Could not sort news items due to parsing error: time data 'Sun, 10 Aug 2025 14:00:00 -0400' does not match format '%a, %d %b %Y %H:%M:%S %Z'
2025-08-12T09:10:09: [WARNING] Could not sort news items due to parsing error: time data 'Sun, 10 Aug 2025 14:00:00 -0400' does not match format '%a, %d %b %Y %H:%M:%S %Z'
2025-08-12T09:10:09: 
2025-08-12T09:11:05: [DEBUG] Processing file: IMG_0286.png, type: image/png, size: 0
2025-08-12T09:11:05: [DEBUG] File read successfully, actual size: 172426 bytes
2025-08-12T09:11:05: [DEBUG] Image opened: (1206, 2622), mode: RGB
2025-08-12T09:11:06: [DEBUG] Image preprocessing completed
2025-08-12T09:11:07: [DEBUG] Image saved to user_screenshot.png for analysis
2025-08-12T09:11:19: [DEBUG] OCR Text extracted: '10:44 이 내 023\n엔비디아 5\nNVDA\n7 월 2 일 (수) 출금 완 료 되었습니다.\n(sm (sm a2\n점수 / el) 완료\n- 7 72 22 (4)\n6% 302 (2) 10:30\n구매 접수 금액 20,0002!\n주식수 0.093438 주\n1 주 당 체결가 157.11 달 러\n적 용 환율 1.361.82 원\n원 화 환산 213,955 원\n구매 금액 19,991 원\n수수료 무료\n정 산 금액 19,991 원\n\x0c'
2025-08-12T09:11:19: [DEBUG] Raw OCR text: '10:44 이 내 023\n엔비디아 5\nNVDA\n7 월 2 일 (수) 출금 완 료 되었습니다.\n(sm (sm a2\n점수 / el) 완료\n- 7 72 22 (4)\n6% 302 (2) 10:30\n구매 접수 금액 20,0002!\n주식수 0.093438 주\n1 주 당 체결가 157.11 달 러\n적 용 환율 1.361.82 원\n원 화 환산 213,955 원\n구매 금액 19,991 원\n수수료 무료\n정 산 금액 19,991 원\n\x0c'
2025-08-12T09:11:19: [DEBUG] Cleaned lines: ['10:44 이 내 023', '엔비디아 5', 'NVDA', '7 월 2 일 (수) 출금 완 료 되었습니다.', '(sm (sm a2', '점수 / el) 완료', '- 7 72 22 (4)', '6% 302 (2) 10:30', '구매 접수 금액 20,0002!', '주식수 0.093438 주', '1 주 당 체결가 157.11 달 러', '적 용 환율 1.361.82 원', '원 화 환산 213,955 원', '구매 금액 19,991 원', '수수료 무료', '정 산 금액 19,991 원']
2025-08-12T09:11:19: [DEBUG] Final parsed result: {'ticker': 'NVDA', 'type': 'buy', 'quantity': 0.093438, 'price': 157.11, 'date': '2025-07-02'}
2025-08-12T09:11:19: [DEBUG] Final parsed result: {'ticker': 'NVDA', 'type': 'buy', 'quantity': 0.093438, 'price': 157.11, 'date': '2025-07-02'}
2025-08-12T09:11:47: [WARNING] Could not sort news items due to parsing error: time data 'Sun, 10 Aug 2025 14:00:00 -0400' does not match format '%a, %d %b %Y %H:%M:%S %Z'
2025-08-12T09:12:51: [WARNING] Could not sort news items due to parsing error: time data 'Sun, 10 Aug 2025 14:00:00 -0400' does not match format '%a, %d %b %Y %H:%M:%S %Z'
2025-08-12T09:14:22: [WARNING] Could not sort news items due to parsing error: time data 'Sun, 10 Aug 2025 14:00:00 -0400' does not match format '%a, %d %b %Y %H:%M:%S %Z'
2025-08-12T09:15:01: [WARNING] Could not sort news items due to parsing error: time data 'Sun, 10 Aug 2025 14:00:00 -0400' does not match format '%a, %d %b %Y %H:%M:%S %Z'
2025-08-12T09:15:22: [WARNING] Could not sort news items due to parsing error: time data 'Sun, 10 Aug 2025 14:00:00 -0400' does not match format '%a, %d %b %Y %H:%M:%S %Z'
2025-08-12T09:15:23: [ERROR] 가격 정보 실패 - AAPL: HTTP Error 401: 
2025-08-12T09:16:37: [WARNING] Could not sort news items due to parsing error: time data 'Sun, 10 Aug 2025 14:00:00 -0400' does not match format '%a, %d %b %Y %H:%M:%S %Z'
2025-08-12T09:19:55:  * Serving Flask app 'app'
2025-08-12T09:19:55:  * Debug mode: on
2025-08-12T09:20:03:  * Serving Flask app 'app'
2025-08-12T09:20:03:  * Debug mode: on
2025-08-12T09:20:06: YF.download() has changed argument auto_adjust default to True
2025-08-12T09:20:06: [WARNING] Could not sort news items due to parsing error: time data 'Sun, 10 Aug 2025 14:00:00 -0400' does not match format '%a, %d %b %Y %H:%M:%S %Z'
2025-08-12T09:20:37: [WARNING] Could not sort news items due to parsing error: time data 'Sun, 10 Aug 2025 14:00:00 -0400' does not match format '%a, %d %b %Y %H:%M:%S %Z'
2025-08-12T09:20:37: 
2025-08-12T09:21:58: [WARNING] Could not sort news items due to parsing error: time data 'Sun, 10 Aug 2025 14:00:00 -0400' does not match format '%a, %d %b %Y %H:%M:%S %Z'
2025-08-12T09:21:59: [ERROR] 가격 정보 실패 - AAPL: HTTP Error 401: 
2025-08-12T09:21:59: 
2025-08-12T09:28:36: [WARNING] Could not sort news items due to parsing error: time data 'Sun, 10 Aug 2025 14:00:00 -0400' does not match format '%a, %d %b %Y %H:%M:%S %Z'
2025-08-12T09:30:58: [WARNING] Could not sort news items due to parsing error: time data 'Sun, 10 Aug 2025 14:00:00 -0400' does not match format '%a, %d %b %Y %H:%M:%S %Z'
2025-08-12T09:30:58: 
2025-08-12T09:30:58: [ERROR] 가격 정보 실패 - AAPL: HTTP Error 401: 
2025-08-12T09:32:19: [WARNING] Could not sort news items due to parsing error: time data 'Sun, 10 Aug 2025 14:00:00 -0400' does not match format '%a, %d %b %Y %H:%M:%S %Z'
2025-08-12T09:32:20: [ERROR] 가격 정보 실패 - AAPL: HTTP Error 401: 
2025-08-12T09:32:36: [DEBUG] Processing file: tmp37c2loa8.png, type: image/png, size: 0
2025-08-12T09:32:36: 
2025-08-12T09:32:36: [DEBUG] File read successfully, actual size: 3983 bytes
2025-08-12T09:32:36: 
2025-08-12T09:32:36: [DEBUG] Image opened: (600, 400), mode: RGB
2025-08-12T09:32:36: [DEBUG] Image preprocessing completed
2025-08-12T09:32:36: [DEBUG] Image saved to user_screenshot.png for analysis
2025-08-12T09:32:37: [DEBUG] OCR Text extracted: "wee\nseaece'y\n\x0c"
2025-08-12T09:32:37: [DEBUG] Raw OCR text: "wee\nseaece'y\n\x0c"
2025-08-12T09:32:37: [DEBUG] Cleaned lines: ['wee', "seaece'y"]
2025-08-12T09:32:37: [DEBUG] Final parsed result: {'ticker': None, 'type': 'buy', 'quantity': None, 'price': None, 'date': '2025-08-12'}
2025-08-12T09:32:37: [DEBUG] Final parsed result: {'ticker': None, 'type': 'buy', 'quantity': None, 'price': None, 'date': '2025-08-12'}
2025-08-12T09:33:45: [WARNING] Could not sort news items due to parsing error: time data 'Sun, 10 Aug 2025 14:00:00 -0400' does not match format '%a, %d %b %Y %H:%M:%S %Z'
2025-08-12T09:35:33:  * Serving Flask app 'app'
2025-08-12T09:35:33:  * Debug mode: on
2025-08-12T09:42:11:  * Serving Flask app 'app'
2025-08-12T09:42:11:  * Debug mode: on
2025-08-12T09:42:37: OCR Raw Text: wll LTE
2025-08-12T09:42:37: 
2025-08-12T09:42:37:  
2025-08-12T09:42:37: 
2025-08-12T09:42:37:  
2025-08-12T09:42:37: 
2025-08-12T09:42:37: oily JO} 5
2025-08-12T09:42:37: NVDA
2025-08-12T09:42:37: 
2025-08-12T09:42:37: 7 22 (4) SS AESIMSLCt.
2025-08-12T09:42:37: 
2025-08-12T09:42:37: eS
2025-08-12T09:42:37: 
2025-08-12T09:42:37: Tn
2025-08-12T09:42:37: 
2025-08-12T09:42:37: 71 221 (4)
2025-08-12T09:42:37: 
2025-08-12T09:42:37: 62 30H (2) 10:30
2025-08-12T09:42:37: 
2025-08-12T09:42:37: oH 4 3H 20,0002
2025-08-12T09:42:37: BAL 0.093438
2025-08-12T09:42:37: {Zt WZ} 157.1124
2025-08-12T09:42:37: Agsts 1,361.822
2025-08-12T09:42:37: 21S} SHAt 213,9552
2025-08-12T09:42:37: 0H oH 19,9912
2025-08-12T09:42:37: 448 7
2025-08-12T09:42:37: 
2025-08-12T09:42:37: Ste 19,9912
2025-08-12T09:42:37: 
2025-08-12T09:42:37:  
2025-08-12T09:42:37: 
2025-08-12T09:42:55: OCR Raw Text: wll LTE
2025-08-12T09:42:55: 
2025-08-12T09:42:55:  
2025-08-12T09:42:55: 
2025-08-12T09:42:55:  
2025-08-12T09:42:55: 
2025-08-12T09:42:55: oily JO} 5
2025-08-12T09:42:55: NVDA
2025-08-12T09:42:55: 
2025-08-12T09:42:55: 7 22 (4) SS AESIMSLCt.
2025-08-12T09:42:55: 
2025-08-12T09:42:55: eS
2025-08-12T09:42:55: 
2025-08-12T09:42:55: Tn
2025-08-12T09:42:55: 
2025-08-12T09:42:55: 71 221 (4)
2025-08-12T09:42:55: 
2025-08-12T09:42:55: 62 30H (2) 10:30
2025-08-12T09:42:55: 
2025-08-12T09:42:55: oH 4 3H 20,0002
2025-08-12T09:42:55: BAL 0.093438
2025-08-12T09:42:55: {Zt WZ} 157.1124
2025-08-12T09:42:55: Agsts 1,361.822
2025-08-12T09:42:55: 21S} SHAt 213,9552
2025-08-12T09:42:55: 0H oH 19,9912
2025-08-12T09:42:55: 448 7
2025-08-12T09:42:55: 
2025-08-12T09:42:55: Ste 19,9912
2025-08-12T09:42:55: 
2025-08-12T09:42:55:  
2025-08-12T09:42:55: 
2025-08-12T09:42:55: OCR Raw Text: wll LTE
2025-08-12T09:42:55: 
2025-08-12T09:42:55:  
2025-08-12T09:42:55: 
2025-08-12T09:42:55:  
2025-08-12T09:42:55: 
2025-08-12T09:42:55: oily JO} 5
2025-08-12T09:42:55: NVDA
2025-08-12T09:42:55: 
2025-08-12T09:42:55: 7 22 (4) SS AESIMSLCt.
2025-08-12T09:42:55: 
2025-08-12T09:42:55: eS
2025-08-12T09:42:55: 
2025-08-12T09:42:55: Tn
2025-08-12T09:42:55: 
2025-08-12T09:42:55: 71 221 (4)
2025-08-12T09:42:55: 
2025-08-12T09:42:55: 62 30H (2) 10:30
2025-08-12T09:42:55: 
2025-08-12T09:42:55: oH 4 3H 20,0002
2025-08-12T09:42:55: BAL 0.093438
2025-08-12T09:42:55: {Zt WZ} 157.1124
2025-08-12T09:42:55: Agsts 1,361.822
2025-08-12T09:42:55: 21S} SHAt 213,9552
2025-08-12T09:42:55: 0H oH 19,9912
2025-08-12T09:42:55: 448 7
2025-08-12T09:42:55: 
2025-08-12T09:42:55: Ste 19,9912
2025-08-12T09:42:55: 
2025-08-12T09:42:55:  
2025-08-12T09:42:55: 
2025-08-12T09:51:27:  * Serving Flask app 'app'
2025-08-12T09:51:27:  * Debug mode: on
2025-08-12T09:52:03:  * Serving Flask app 'app'
2025-08-12T09:52:03:  * Debug mode: on
2025-08-12T09:52:27: OCR Raw Text: wll LTE
2025-08-12T09:52:27: 
2025-08-12T09:52:27:  
2025-08-12T09:52:27: 
2025-08-12T09:52:27:  
2025-08-12T09:52:27: 
2025-08-12T09:52:27: oily JO} 5
2025-08-12T09:52:27: NVDA
2025-08-12T09:52:27: 
2025-08-12T09:52:27: 7 22 (4) SS AESIMSLCt.
2025-08-12T09:52:27: 
2025-08-12T09:52:27: eS
2025-08-12T09:52:27: 
2025-08-12T09:52:27: Tn
2025-08-12T09:52:27: 
2025-08-12T09:52:27: 71 221 (4)
2025-08-12T09:52:27: 
2025-08-12T09:52:27: 62 30H (2) 10:30
2025-08-12T09:52:27: 
2025-08-12T09:52:27: oH 4 3H 20,0002
2025-08-12T09:52:27: BAL 0.093438
2025-08-12T09:52:27: {Zt WZ} 157.1124
2025-08-12T09:52:27: Agsts 1,361.822
2025-08-12T09:52:27: 21S} SHAt 213,9552
2025-08-12T09:52:27: 0H oH 19,9912
2025-08-12T09:52:27: 448 7
2025-08-12T09:52:27: 
2025-08-12T09:52:27: Ste 19,9912
2025-08-12T09:52:27: 
2025-08-12T09:52:27:  
2025-08-12T09:52:27: 
2025-08-12T09:52:35: Sample OCR Raw Text: wll LTE
2025-08-12T09:52:35: 
2025-08-12T09:52:35:  
2025-08-12T09:52:35: 
2025-08-12T09:52:35:  
2025-08-12T09:52:35: 
2025-08-12T09:52:35: oily JO} 5
2025-08-12T09:52:35: NVDA
2025-08-12T09:52:35: 
2025-08-12T09:52:35: 7 22 (4) SS AESIMSLCt.
2025-08-12T09:52:35: 
2025-08-12T09:52:35: eS
2025-08-12T09:52:35: 
2025-08-12T09:52:35: Tn
2025-08-12T09:52:35: 
2025-08-12T09:52:35: 71 221 (4)
2025-08-12T09:52:35: 
2025-08-12T09:52:35: 62 30H (2) 10:30
2025-08-12T09:52:35: 
2025-08-12T09:52:35: oH 4 3H 20,0002
2025-08-12T09:52:35: BAL 0.093438
2025-08-12T09:52:35: {Zt WZ} 157.1124
2025-08-12T09:52:35: Agsts 1,361.822
2025-08-12T09:52:35: 21S} SHAt 213,9552
2025-08-12T09:52:35: 0H oH 19,9912
2025-08-12T09:52:35: 448 7
2025-08-12T09:52:35: 
2025-08-12T09:52:35: Ste 19,9912
2025-08-12T09:52:35: 
2025-08-12T09:52:35:  
2025-08-12T09:52:35: 
2025-08-12T09:53:42:  * Serving Flask app 'app'
2025-08-12T09:53:42:  * Debug mode: on
2025-08-12T09:54:29: OCR Raw Text: wll LTE치
2025-08-12T09:54:29: 
2025-08-12T09:54:29:  
2025-08-12T09:54:29: 
2025-08-12T09:54:29:  
2025-08-12T09:54:29: 
2025-08-12T09:54:29: 엔비디아                             5
2025-08-12T09:54:29: NVDA
2025-08-12T09:54:29: 
2025-08-12T09:54:29: 7월 2일 (수) 출금 완료되었습니다.
2025-08-12T09:54:29: 
2025-08-12T09:54:29: eS
2025-08-12T09:54:29: 
2025-08-12T09:54:29: 베미
2025-08-12T09:54:29: 
2025-08-12T09:54:29: 7월 2일 (수)
2025-08-12T09:54:29: 
2025-08-12T09:54:29: 6월 30일 (월) 10:30
2025-08-12T09:54:29: 
2025-08-12T09:54:29: 구매 접수 금액                                   20,000원
2025-08-12T09:54:29: 주식수                                           0.093438주
2025-08-12T09:54:29: 1주당 체결가                               157.11달러
2025-08-12T09:54:29: 적용환율                                          1,361.82원
2025-08-12T09:54:29: 원화환산                                        213,955원
2025-08-12T09:54:29: 구매 금액                                            19,991원
2025-08-12T09:54:29: 수수료                                                      무료
2025-08-12T09:54:29: 
2025-08-12T09:54:29: 정산금액                    19,991원
2025-08-12T09:54:29: 
2025-08-12T09:54:29:  
2025-08-12T09:54:29: 
2025-08-12T09:54:29: Processing OCR text lines: 28
2025-08-12T09:54:29: Line 0: 'wll LTE치'
2025-08-12T09:54:29: Line 1: ''
2025-08-12T09:54:29: Line 2: ''
2025-08-12T09:54:29: Line 3: ''
2025-08-12T09:54:29: Line 4: ''
2025-08-12T09:54:29: Line 5: ''
2025-08-12T09:54:29: Line 6: '엔비디아                             5'
2025-08-12T09:54:29: Line 7: 'NVDA'
2025-08-12T09:54:29: Line 8: ''
2025-08-12T09:54:29: Line 9: '7월 2일 (수) 출금 완료되었습니다.'
2025-08-12T09:54:29: Line 10: ''
2025-08-12T09:54:29: Line 11: 'eS'
2025-08-12T09:54:29: Line 12: ''
2025-08-12T09:54:29: Line 13: '베미'
2025-08-12T09:54:29: Line 14: ''
2025-08-12T09:54:29: Line 15: '7월 2일 (수)'
2025-08-12T09:54:29: Line 16: ''
2025-08-12T09:54:29: Line 17: '6월 30일 (월) 10:30'
2025-08-12T09:54:29: Line 18: ''
2025-08-12T09:54:29: Line 19: '구매 접수 금액                                   20,000원'
2025-08-12T09:54:29: Line 20: '주식수                                           0.093438주'
2025-08-12T09:54:29: Line 21: '1주당 체결가                               157.11달러'
2025-08-12T09:54:29: Line 22: '적용환율                                          1,361.82원'
2025-08-12T09:54:29: Line 23: '원화환산                                        213,955원'
2025-08-12T09:54:29: Line 24: '구매 금액                                            19,991원'
2025-08-12T09:54:29: Line 25: '수수료                                                      무료'
2025-08-12T09:54:29: Line 26: ''
2025-08-12T09:54:29: Line 27: '정산금액                    19,991원'
2025-08-12T09:54:29: Extracted - Symbol: ['LTE', 'NVDA'], Shares: ['0.093438', '1'], Amount: ['20,000', '82', '213,955', '19,991', '19,991']
2025-08-12T09:58:27:  * Serving Flask app 'app'
2025-08-12T09:58:27:  * Debug mode: on
2025-08-12T10:00:37: OCR Raw Text: wll LTE치
2025-08-12T10:00:37: 
2025-08-12T10:00:37:  
2025-08-12T10:00:37: 
2025-08-12T10:00:37:  
2025-08-12T10:00:37: 
2025-08-12T10:00:37: 엔비디아                             5
2025-08-12T10:00:37: NVDA
2025-08-12T10:00:37: 
2025-08-12T10:00:37: 7월 2일 (수) 출금 완료되었습니다.
2025-08-12T10:00:37: 
2025-08-12T10:00:37: eS
2025-08-12T10:00:37: 
2025-08-12T10:00:37: 베미
2025-08-12T10:00:37: 
2025-08-12T10:00:37: 7월 2일 (수)
2025-08-12T10:00:37: 
2025-08-12T10:00:37: 6월 30일 (월) 10:30
2025-08-12T10:00:37: 
2025-08-12T10:00:37: 구매 접수 금액                                   20,000원
2025-08-12T10:00:37: 주식수                                           0.093438주
2025-08-12T10:00:37: 1주당 체결가                               157.11달러
2025-08-12T10:00:37: 적용환율                                          1,361.82원
2025-08-12T10:00:37: 원화환산                                        213,955원
2025-08-12T10:00:37: 구매 금액                                            19,991원
2025-08-12T10:00:37: 수수료                                                      무료
2025-08-12T10:00:37: 
2025-08-12T10:00:37: 정산금액                    19,991원
2025-08-12T10:00:37: 
2025-08-12T10:00:37:  
2025-08-12T10:00:37: 
2025-08-12T10:00:37: Processing OCR text lines: 28
2025-08-12T10:00:37: Line 0: 'wll LTE치'
2025-08-12T10:00:37: Line 1: ''
2025-08-12T10:00:37: Line 2: ''
2025-08-12T10:00:37: Line 3: ''
2025-08-12T10:00:37: Line 4: ''
2025-08-12T10:00:37: Line 5: ''
2025-08-12T10:00:37: Line 6: '엔비디아                             5'
2025-08-12T10:00:37: Line 7: 'NVDA'
2025-08-12T10:00:37: Line 8: ''
2025-08-12T10:00:37: Line 9: '7월 2일 (수) 출금 완료되었습니다.'
2025-08-12T10:00:37: Line 10: ''
2025-08-12T10:00:37: Line 11: 'eS'
2025-08-12T10:00:37: Line 12: ''
2025-08-12T10:00:37: Line 13: '베미'
2025-08-12T10:00:37: Line 14: ''
2025-08-12T10:00:37: Line 15: '7월 2일 (수)'
2025-08-12T10:00:37: Line 16: ''
2025-08-12T10:00:37: Line 17: '6월 30일 (월) 10:30'
2025-08-12T10:00:37: Line 18: ''
2025-08-12T10:00:37: Line 19: '구매 접수 금액                                   20,000원'
2025-08-12T10:00:37: Line 20: '주식수                                           0.093438주'
2025-08-12T10:00:37: Line 21: '1주당 체결가                               157.11달러'
2025-08-12T10:00:37: Line 22: '적용환율                                          1,361.82원'
2025-08-12T10:00:37: Line 23: '원화환산                                        213,955원'
2025-08-12T10:00:37: Line 24: '구매 금액                                            19,991원'
2025-08-12T10:00:37: Line 25: '수수료                                                      무료'
2025-08-12T10:00:37: Line 26: ''
2025-08-12T10:00:37: Line 27: '정산금액                    19,991원'
2025-08-12T10:00:37: === Full OCR Text ===
2025-08-12T10:00:37: wll LTE치
2025-08-12T10:00:37: 
2025-08-12T10:00:37:  
2025-08-12T10:00:37: 
2025-08-12T10:00:37:  
2025-08-12T10:00:37: 
2025-08-12T10:00:37: 엔비디아                             5
2025-08-12T10:00:37: NVDA
2025-08-12T10:00:37: 
2025-08-12T10:00:37: 7월 2일 (수) 출금 완료되었습니다.
2025-08-12T10:00:37: 
2025-08-12T10:00:37: eS
2025-08-12T10:00:37: 
2025-08-12T10:00:37: 베미
2025-08-12T10:00:37: 
2025-08-12T10:00:37: 7월 2일 (수)
2025-08-12T10:00:37: 
2025-08-12T10:00:37: 6월 30일 (월) 10:30
2025-08-12T10:00:37: 
2025-08-12T10:00:37: 구매 접수 금액                                   20,000원
2025-08-12T10:00:37: 주식수                                           0.093438주
2025-08-12T10:00:37: 1주당 체결가                               157.11달러
2025-08-12T10:00:37: 적용환율                                          1,361.82원
2025-08-12T10:00:37: 원화환산                                        213,955원
2025-08-12T10:00:37: 구매 금액                                            19,991원
2025-08-12T10:00:37: 수수료                                                      무료
2025-08-12T10:00:37: 
2025-08-12T10:00:37: 정산금액                    19,991원
2025-08-12T10:00:37: 
2025-08-12T10:00:37:  
2025-08-12T10:00:37: 
2025-08-12T10:00:37: === End OCR Text ===
2025-08-12T10:00:37: Valid Symbols: ['NVDA']
2025-08-12T10:00:37: Shares: ['0.093438', '1']
2025-08-12T10:00:37: Buy Amount: ['20,000', '19,991']
2025-08-12T10:00:37: All Amount: ['20,000', '82', '213,955', '19,991', '19,991']
2025-08-12T10:00:37: Dollar Price: ['157.11']
2025-08-12T10:00:37: Action: buy
2025-08-12T10:04:38:  * Serving Flask app 'app'
2025-08-12T10:04:38:  * Debug mode: on
2025-08-12T10:11:06: OCR Raw Text: wll LTE치
2025-08-12T10:11:06: 
2025-08-12T10:11:06:  
2025-08-12T10:11:06: 
2025-08-12T10:11:06:  
2025-08-12T10:11:06: 
2025-08-12T10:11:06: 엔비디아                             5
2025-08-12T10:11:06: NVDA
2025-08-12T10:11:06: 
2025-08-12T10:11:06: 7월 2일 (수) 출금 완료되었습니다.
2025-08-12T10:11:06: 
2025-08-12T10:11:06: eS
2025-08-12T10:11:06: 
2025-08-12T10:11:06: 베미
2025-08-12T10:11:06: 
2025-08-12T10:11:06: 7월 2일 (수)
2025-08-12T10:11:06: 
2025-08-12T10:11:06: 6월 30일 (월) 10:30
2025-08-12T10:11:06: 
2025-08-12T10:11:06: 구매 접수 금액                                   20,000원
2025-08-12T10:11:06: 주식수                                           0.093438주
2025-08-12T10:11:06: 1주당 체결가                               157.11달러
2025-08-12T10:11:06: 적용환율                                          1,361.82원
2025-08-12T10:11:06: 원화환산                                        213,955원
2025-08-12T10:11:06: 구매 금액                                            19,991원
2025-08-12T10:11:06: 수수료                                                      무료
2025-08-12T10:11:06: 
2025-08-12T10:11:06: 정산금액                    19,991원
2025-08-12T10:11:06: 
2025-08-12T10:11:06:  
2025-08-12T10:11:06: 
2025-08-12T10:11:06: 
2025-08-12T10:11:06: Line 0: 'wll LTE치'
2025-08-12T10:11:06: Line 1: ''
2025-08-12T10:11:06: Line 2: ''
2025-08-12T10:11:06: Line 3: ''
2025-08-12T10:11:06: Line 4: ''
2025-08-12T10:11:06: Line 5: ''
2025-08-12T10:11:06: Line 6: '엔비디아                             5'
2025-08-12T10:11:06: Line 7: 'NVDA'
2025-08-12T10:11:06: Line 8: ''
2025-08-12T10:11:06: Line 9: '7월 2일 (수) 출금 완료되었습니다.'
2025-08-12T10:11:06: Line 10: ''
2025-08-12T10:11:06: Line 11: 'eS'
2025-08-12T10:11:06: Line 12: ''
2025-08-12T10:11:06: Line 13: '베미'
2025-08-12T10:11:06: Line 14: ''
2025-08-12T10:11:06: Line 15: '7월 2일 (수)'
2025-08-12T10:11:06: Line 16: ''
2025-08-12T10:11:06: Line 17: '6월 30일 (월) 10:30'
2025-08-12T10:11:06: Line 18: ''
2025-08-12T10:11:06: Line 19: '구매 접수 금액                                   20,000원'
2025-08-12T10:11:06: Line 20: '주식수                                           0.093438주'
2025-08-12T10:11:06: Line 21: '1주당 체결가                               157.11달러'
2025-08-12T10:11:06: Line 22: '적용환율                                          1,361.82원'
2025-08-12T10:11:06: Line 23: '원화환산                                        213,955원'
2025-08-12T10:11:06: Line 24: '구매 금액                                            19,991원'
2025-08-12T10:11:06: Line 25: '수수료                                                      무료'
2025-08-12T10:11:06: Line 26: ''
2025-08-12T10:11:06: Line 27: '정산금액                    19,991원'
2025-08-12T10:11:06: === Full OCR Text ===
2025-08-12T10:11:06: wll LTE치
2025-08-12T10:11:06: 
2025-08-12T10:11:06:  
2025-08-12T10:11:06: 
2025-08-12T10:11:06:  
2025-08-12T10:11:06: 
2025-08-12T10:11:06: 엔비디아                             5
2025-08-12T10:11:06: NVDA
2025-08-12T10:11:06: 
2025-08-12T10:11:06: 7월 2일 (수) 출금 완료되었습니다.
2025-08-12T10:11:06: 
2025-08-12T10:11:06: eS
2025-08-12T10:11:06: 
2025-08-12T10:11:06: 베미
2025-08-12T10:11:06: 
2025-08-12T10:11:06: 7월 2일 (수)
2025-08-12T10:11:06: 
2025-08-12T10:11:06: 6월 30일 (월) 10:30
2025-08-12T10:11:06: 
2025-08-12T10:11:06: 구매 접수 금액                                   20,000원
2025-08-12T10:11:06: 주식수                                           0.093438주
2025-08-12T10:11:06: 1주당 체결가                               157.11달러
2025-08-12T10:11:06: 적용환율                                          1,361.82원
2025-08-12T10:11:06: 원화환산                                        213,955원
2025-08-12T10:11:06: 구매 금액                                            19,991원
2025-08-12T10:11:06: 수수료                                                      무료
2025-08-12T10:11:06: 
2025-08-12T10:11:06: 정산금액                    19,991원
2025-08-12T10:11:06: 
2025-08-12T10:11:06:  
2025-08-12T10:11:06: 
2025-08-12T10:11:06: === End OCR Text ===
2025-08-12T10:11:06: Valid Symbols: ['NVDA']
2025-08-12T10:11:06: Shares: ['0.093438', '1']
2025-08-12T10:11:06: Buy Amount: ['20,000', '19,991']
2025-08-12T10:11:06: All Amount: ['20,000', '82', '213,955', '19,991', '19,991']
2025-08-12T10:11:06: Dollar Price: ['157.11']
2025-08-12T10:11:06: Action: buy
2025-08-12T10:16:45: OCR Raw Text: wll LTE치
2025-08-12T10:16:45: 
2025-08-12T10:16:45:  
2025-08-12T10:16:45: 
2025-08-12T10:16:45:  
2025-08-12T10:16:45: 
2025-08-12T10:16:45: 엔비디아                             5
2025-08-12T10:16:45: NVDA
2025-08-12T10:16:45: 
2025-08-12T10:16:45: 7월 2일 (수) 출금 완료되었습니다.
2025-08-12T10:16:45: 
2025-08-12T10:16:45: eS
2025-08-12T10:16:45: 
2025-08-12T10:16:45: 베미
2025-08-12T10:16:45: 
2025-08-12T10:16:45: 7월 2일 (수)
2025-08-12T10:16:45: 
2025-08-12T10:16:45: 6월 30일 (월) 10:30
2025-08-12T10:16:45: 
2025-08-12T10:16:45: 구매 접수 금액                                   20,000원
2025-08-12T10:16:45: 주식수                                           0.093438주
2025-08-12T10:16:45: 1주당 체결가                               157.11달러
2025-08-12T10:16:45: 적용환율                                          1,361.82원
2025-08-12T10:16:45: 원화환산                                        213,955원
2025-08-12T10:16:45: 구매 금액                                            19,991원
2025-08-12T10:16:45: 수수료                                                      무료
2025-08-12T10:16:45: 
2025-08-12T10:16:45: 정산금액                    19,991원
2025-08-12T10:16:45: 
2025-08-12T10:16:45:  
2025-08-12T10:16:45: 
2025-08-12T10:16:45: Processing OCR text lines: 28
2025-08-12T10:16:45: Line 0: 'wll LTE치'
2025-08-12T10:16:45: Line 1: ''
2025-08-12T10:16:45: Line 2: ''
2025-08-12T10:16:45: Line 3: ''
2025-08-12T10:16:45: Line 4: ''
2025-08-12T10:16:45: Line 5: ''
2025-08-12T10:16:45: Line 6: '엔비디아                             5'
2025-08-12T10:16:45: Line 7: 'NVDA'
2025-08-12T10:16:45: Line 8: ''
2025-08-12T10:16:45: Line 9: '7월 2일 (수) 출금 완료되었습니다.'
2025-08-12T10:16:45: Line 10: ''
2025-08-12T10:16:45: Line 11: 'eS'
2025-08-12T10:16:45: Line 12: ''
2025-08-12T10:16:45: Line 13: '베미'
2025-08-12T10:16:45: Line 14: ''
2025-08-12T10:16:45: Line 15: '7월 2일 (수)'
2025-08-12T10:16:45: Line 16: ''
2025-08-12T10:16:45: Line 17: '6월 30일 (월) 10:30'
2025-08-12T10:16:45: Line 18: ''
2025-08-12T10:16:45: Line 19: '구매 접수 금액                                   20,000원'
2025-08-12T10:16:45: Line 20: '주식수                                           0.093438주'
2025-08-12T10:16:45: Line 21: '1주당 체결가                               157.11달러'
2025-08-12T10:16:45: Line 22: '적용환율                                          1,361.82원'
2025-08-12T10:16:45: Line 23: '원화환산                                        213,955원'
2025-08-12T10:16:45: Line 24: '구매 금액                                            19,991원'
2025-08-12T10:16:45: Line 25: '수수료                                                      무료'
2025-08-12T10:16:45: Line 26: ''
2025-08-12T10:16:45: Line 27: '정산금액                    19,991원'
2025-08-12T10:16:45: === Full OCR Text ===
2025-08-12T10:16:45: wll LTE치
2025-08-12T10:16:45: 
2025-08-12T10:16:45:  
2025-08-12T10:16:45: 
2025-08-12T10:16:45:  
2025-08-12T10:16:45: 
2025-08-12T10:16:45: 엔비디아                             5
2025-08-12T10:16:45: NVDA
2025-08-12T10:16:45: 
2025-08-12T10:16:45: 7월 2일 (수) 출금 완료되었습니다.
2025-08-12T10:16:45: 
2025-08-12T10:16:45: eS
2025-08-12T10:16:45: 
2025-08-12T10:16:45: 베미
2025-08-12T10:16:45: 
2025-08-12T10:16:45: 7월 2일 (수)
2025-08-12T10:16:45: 
2025-08-12T10:16:45: 6월 30일 (월) 10:30
2025-08-12T10:16:45: 
2025-08-12T10:16:45: 구매 접수 금액                                   20,000원
2025-08-12T10:16:45: 주식수                                           0.093438주
2025-08-12T10:16:45: 1주당 체결가                               157.11달러
2025-08-12T10:16:45: 적용환율                                          1,361.82원
2025-08-12T10:16:45: 원화환산                                        213,955원
2025-08-12T10:16:45: 구매 금액                                            19,991원
2025-08-12T10:16:45: 수수료                                                      무료
2025-08-12T10:16:45: 
2025-08-12T10:16:45: 정산금액                    19,991원
2025-08-12T10:16:45: 
2025-08-12T10:16:45:  
2025-08-12T10:16:45: 
2025-08-12T10:16:45: === End OCR Text ===
2025-08-12T10:16:45: Valid Symbols: ['NVDA']
2025-08-12T10:16:45: Shares: ['0.093438', '1']
2025-08-12T10:16:45: Buy Amount: ['20,000', '19,991']
2025-08-12T10:16:45: All Amount: ['20,000', '82', '213,955', '19,991', '19,991']
2025-08-12T10:16:45: Dollar Price: ['157.11']
2025-08-12T10:16:45: Action: buy
2025-08-12T10:19:18:  * Serving Flask app 'app'
2025-08-12T10:19:18:  * Debug mode: on
2025-08-12T10:21:56: OCR Raw Text: wll LTE치
2025-08-12T10:21:56: 
2025-08-12T10:21:56:  
2025-08-12T10:21:56: 
2025-08-12T10:21:56:  
2025-08-12T10:21:56: 
2025-08-12T10:21:56: 엔비디아                             5
2025-08-12T10:21:56: NVDA
2025-08-12T10:21:56: 
2025-08-12T10:21:56: 7월 2일 (수) 출금 완료되었습니다.
2025-08-12T10:21:56: 
2025-08-12T10:21:56: eS
2025-08-12T10:21:56: 
2025-08-12T10:21:56: 베미
2025-08-12T10:21:56: 
2025-08-12T10:21:56: 7월 2일 (수)
2025-08-12T10:21:56: 
2025-08-12T10:21:56: 6월 30일 (월) 10:30
2025-08-12T10:21:56: 
2025-08-12T10:21:56: 구매 접수 금액                                   20,000원
2025-08-12T10:21:56: 주식수                                           0.093438주
2025-08-12T10:21:56: 1주당 체결가                               157.11달러
2025-08-12T10:21:56: 적용환율                                          1,361.82원
2025-08-12T10:21:56: 원화환산                                        213,955원
2025-08-12T10:21:56: 구매 금액                                            19,991원
2025-08-12T10:21:56: 수수료                                                      무료
2025-08-12T10:21:56: 
2025-08-12T10:21:56: 정산금액                    19,991원
2025-08-12T10:21:56: 
2025-08-12T10:21:56:  
2025-08-12T10:21:56: 
2025-08-12T10:21:56: Processing OCR text lines: 28
2025-08-12T10:21:56: Line 0: 'wll LTE치'
2025-08-12T10:21:56: Line 1: ''
2025-08-12T10:21:56: Line 2: ''
2025-08-12T10:21:56: Line 3: ''
2025-08-12T10:21:56: Line 4: ''
2025-08-12T10:21:56: Line 5: ''
2025-08-12T10:21:56: Line 6: '엔비디아                             5'
2025-08-12T10:21:56: Line 7: 'NVDA'
2025-08-12T10:21:56: Line 8: ''
2025-08-12T10:21:56: Line 9: '7월 2일 (수) 출금 완료되었습니다.'
2025-08-12T10:21:56: Line 10: ''
2025-08-12T10:21:56: Line 11: 'eS'
2025-08-12T10:21:56: Line 12: ''
2025-08-12T10:21:56: Line 13: '베미'
2025-08-12T10:21:56: Line 14: ''
2025-08-12T10:21:56: Line 15: '7월 2일 (수)'
2025-08-12T10:21:56: Line 16: ''
2025-08-12T10:21:56: Line 17: '6월 30일 (월) 10:30'
2025-08-12T10:21:56: Line 18: ''
2025-08-12T10:21:56: Line 19: '구매 접수 금액                                   20,000원'
2025-08-12T10:21:56: Line 20: '주식수                                           0.093438주'
2025-08-12T10:21:56: Line 21: '1주당 체결가                               157.11달러'
2025-08-12T10:21:56: Line 22: '적용환율                                          1,361.82원'
2025-08-12T10:21:56: Line 23: '원화환산                                        213,955원'
2025-08-12T10:21:56: Line 24: '구매 금액                                            19,991원'
2025-08-12T10:21:56: Line 25: '수수료                                                      무료'
2025-08-12T10:21:56: Line 26: ''
2025-08-12T10:21:56: Line 27: '정산금액                    19,991원'
2025-08-12T10:21:56: === Full OCR Text ===
2025-08-12T10:21:56: wll LTE치
2025-08-12T10:21:56: 
2025-08-12T10:21:56:  
2025-08-12T10:21:56: 
2025-08-12T10:21:56:  
2025-08-12T10:21:56: 
2025-08-12T10:21:56: 엔비디아                             5
2025-08-12T10:21:56: NVDA
2025-08-12T10:21:56: 
2025-08-12T10:21:56: 7월 2일 (수) 출금 완료되었습니다.
2025-08-12T10:21:56: 
2025-08-12T10:21:56: eS
2025-08-12T10:21:56: 
2025-08-12T10:21:56: 베미
2025-08-12T10:21:56: 
2025-08-12T10:21:56: 7월 2일 (수)
2025-08-12T10:21:56: 
2025-08-12T10:21:56: 6월 30일 (월) 10:30
2025-08-12T10:21:56: 
2025-08-12T10:21:56: 구매 접수 금액                                   20,000원
2025-08-12T10:21:56: 주식수                                           0.093438주
2025-08-12T10:21:56: 1주당 체결가                               157.11달러
2025-08-12T10:21:56: 적용환율                                          1,361.82원
2025-08-12T10:21:56: 원화환산                                        213,955원
2025-08-12T10:21:56: 구매 금액                                            19,991원
2025-08-12T10:21:56: 수수료                                                      무료
2025-08-12T10:21:56: 
2025-08-12T10:21:56: 정산금액                    19,991원
2025-08-12T10:21:56: 
2025-08-12T10:21:56:  
2025-08-12T10:21:56: 
2025-08-12T10:21:56: === End OCR Text ===
2025-08-12T10:21:56: Valid Symbols: ['NVDA']
2025-08-12T10:21:56: Shares: ['0.093438', '1']
2025-08-12T10:21:56: Buy Amount: ['20,000', '19,991']
2025-08-12T10:21:56: All Amount: ['20,000', '82', '213,955', '19,991', '19,991']
2025-08-12T10:21:56: Dollar Price: ['157.11']
2025-08-12T10:21:56: Action: buy
2025-08-12T10:22:17: OCR Raw Text: 때
2025-08-12T10:22:17: 
2025-08-12T10:22:17:  
2025-08-12T10:22:17: 
2025-08-12T10:22:17: 애플
2025-08-12T10:22:17: ©  AAPL                                                    ?
2025-08-12T10:22:17: 
2025-08-12T10:22:17: 7월 30일 (수) 출금 완료되었습니다.
2025-08-12T10:22:17: 
2025-08-12T10:22:17: 모던
2025-08-12T10:22:17: 
2025-08-12T10:22:17: 7월 30일 (수)
2025-08-12T10:22:17: 7월 28일 (월) 10:32
2025-08-12T10:22:17: 구매 접수 금액                                         30,000원
2025-08-12T10:22:17: 주식수                                           0.100729주
2025-08-12T10:22:17: 1주당 체결가                                           213.94달러
2025-08-12T10:22:17: 적용환율                                          1,391.49원
2025-08-12T10:22:17: 원화환산                                           297,695원
2025-08-12T10:22:17: 구매 금액                                           29,986원
2025-08-12T10:22:17: 수수료                                                      무료
2025-08-12T10:22:17: 
2025-08-12T10:22:17: 정산금액                                          29,986원
2025-08-12T10:22:17: 
2025-08-12T10:22:17:  
2025-08-12T10:22:17: 
2025-08-12T10:22:17: Processing OCR text lines: 22
2025-08-12T10:22:17: Line 0: '때'
2025-08-12T10:22:17: Line 1: ''
2025-08-12T10:22:17: Line 2: ''
2025-08-12T10:22:17: Line 3: ''
2025-08-12T10:22:17: Line 4: '애플'
2025-08-12T10:22:17: Line 5: '©  AAPL                                                    ?'
2025-08-12T10:22:17: Line 6: ''
2025-08-12T10:22:17: Line 7: '7월 30일 (수) 출금 완료되었습니다.'
2025-08-12T10:22:17: Line 8: ''
2025-08-12T10:22:17: Line 9: '모던'
2025-08-12T10:22:17: Line 10: ''
2025-08-12T10:22:17: Line 11: '7월 30일 (수)'
2025-08-12T10:22:17: Line 12: '7월 28일 (월) 10:32'
2025-08-12T10:22:17: Line 13: '구매 접수 금액                                         30,000원'
2025-08-12T10:22:17: Line 14: '주식수                                           0.100729주'
2025-08-12T10:22:17: Line 15: '1주당 체결가                                           213.94달러'
2025-08-12T10:22:17: Line 16: '적용환율                                          1,391.49원'
2025-08-12T10:22:17: Line 17: '원화환산                                           297,695원'
2025-08-12T10:22:17: Line 18: '구매 금액                                           29,986원'
2025-08-12T10:22:17: Line 19: '수수료                                                      무료'
2025-08-12T10:22:17: Line 20: ''
2025-08-12T10:22:17: Line 21: '정산금액                                          29,986원'
2025-08-12T10:22:17: === Full OCR Text ===
2025-08-12T10:22:17: 때
2025-08-12T10:22:17: 
2025-08-12T10:22:17:  
2025-08-12T10:22:17: 
2025-08-12T10:22:17: 애플
2025-08-12T10:22:17: ©  AAPL                                                    ?
2025-08-12T10:22:17: 
2025-08-12T10:22:17: 7월 30일 (수) 출금 완료되었습니다.
2025-08-12T10:22:17: 
2025-08-12T10:22:17: 모던
2025-08-12T10:22:17: 
2025-08-12T10:22:17: 7월 30일 (수)
2025-08-12T10:22:17: 7월 28일 (월) 10:32
2025-08-12T10:22:17: 구매 접수 금액                                         30,000원
2025-08-12T10:22:17: 주식수                                           0.100729주
2025-08-12T10:22:17: 1주당 체결가                                           213.94달러
2025-08-12T10:22:17: 적용환율                                          1,391.49원
2025-08-12T10:22:17: 원화환산                                           297,695원
2025-08-12T10:22:17: 구매 금액                                           29,986원
2025-08-12T10:22:17: 수수료                                                      무료
2025-08-12T10:22:17: 
2025-08-12T10:22:17: 정산금액                                          29,986원
2025-08-12T10:22:17: 
2025-08-12T10:22:17:  
2025-08-12T10:22:17: 
2025-08-12T10:22:17: === End OCR Text ===
2025-08-12T10:22:17: Valid Symbols: ['AAPL']
2025-08-12T10:22:17: Shares: ['0.100729', '1']
2025-08-12T10:22:17: Buy Amount: ['30,000', '29,986']
2025-08-12T10:22:17: All Amount: ['30,000', '49', '297,695', '29,986', '29,986']
2025-08-12T10:22:17: Dollar Price: ['213.94']
2025-08-12T10:22:17: Action: buy
